<?xml version="1.0" encoding="UTF-8"?>
<testng-results ignored="0" total="2" passed="2" failed="0" skipped="0">
  <reporter-output>
  </reporter-output>
  <suite started-at="2022-05-27T22:10:39 IST" name="Suite" finished-at="2022-05-27T22:11:08 IST" duration-ms="28596">
    <groups>
    </groups>
    <test started-at="2022-05-27T22:10:39 IST" name="Test" finished-at="2022-05-27T22:11:08 IST" duration-ms="28596">
      <class name="qa.tests.LoginPageTest">
        <test-method is-config="true" signature="setUp()[pri:0, instance:qa.tests.LoginPageTest@d29f28]" started-at="2022-05-27T22:10:39 IST" name="setUp" finished-at="2022-05-27T22:10:57 IST" duration-ms="18070" status="PASS">
          <reporter-output>
          </reporter-output>
        </test-method> <!-- setUp -->
        <test-method signature="validateLoginTest()[pri:0, instance:qa.tests.LoginPageTest@d29f28]" started-at="2022-05-27T22:10:57 IST" name="validateLoginTest" finished-at="2022-05-27T22:11:02 IST" duration-ms="4902" status="PASS">
          <reporter-output>
          </reporter-output>
        </test-method> <!-- validateLoginTest -->
        <test-method is-config="true" signature="closeResources()[pri:0, instance:qa.tests.LoginPageTest@d29f28]" started-at="2022-05-27T22:11:02 IST" name="closeResources" finished-at="2022-05-27T22:11:02 IST" duration-ms="202" status="PASS">
          <reporter-output>
          </reporter-output>
        </test-method> <!-- closeResources -->
        <test-method is-config="true" signature="setUp()[pri:0, instance:qa.tests.LoginPageTest@d29f28]" started-at="2022-05-27T22:11:02 IST" name="setUp" finished-at="2022-05-27T22:11:07 IST" duration-ms="4929" status="PASS">
          <reporter-output>
          </reporter-output>
        </test-method> <!-- setUp -->
        <test-method signature="validateLogoTest()[pri:0, instance:qa.tests.LoginPageTest@d29f28]" started-at="2022-05-27T22:11:07 IST" name="validateLogoTest" finished-at="2022-05-27T22:11:07 IST" duration-ms="130" status="PASS">
          <reporter-output>
          </reporter-output>
        </test-method> <!-- validateLogoTest -->
        <test-method is-config="true" signature="closeResources()[pri:0, instance:qa.tests.LoginPageTest@d29f28]" started-at="2022-05-27T22:11:07 IST" name="closeResources" finished-at="2022-05-27T22:11:08 IST" duration-ms="288" status="PASS">
          <reporter-output>
          </reporter-output>
        </test-method> <!-- closeResources -->
      </class> <!-- qa.tests.LoginPageTest -->
    </test> <!-- Test -->
  </suite> <!-- Suite -->
</testng-results>
